<?xml version="1.0" encoding="UTF-8"?>
<testsuite name="chess.board.ChessBoardTest" tests="1" skipped="0" failures="0" errors="0" timestamp="2023-06-09T03:57:09" hostname="Sungbin-MacBookPro.local" time="0.068">
  <properties/>
  <testcase name="Board에 흰색, 검은색 Pawn이 저장된다." classname="chess.board.ChessBoardTest" time="0.068"/>
  <system-out><![CDATA[]]></system-out>
  <system-err><![CDATA[]]></system-err>
</testsuite>
